The system is: Linux - 2.6.32-754.2.1.el6.x86_64 - x86_64
Compiling the C compiler identification source file "CMakeCCompilerId.c" succeeded.
Compiler: /opt/pgi/linux86-64/17.5/bin/pgcc 
Build flags: 
Id flags:  

The output was:
0


Compilation of the C compiler identification source "CMakeCCompilerId.c" produced "a.out"

The C compiler identification is PGI, found in "/home/njvaughn/openACC-treecode/build/CMakeFiles/3.9.1/CompilerIdC/a.out"

Determining if the C compiler works passed with the following output:
Change Dir: /home/njvaughn/openACC-treecode/build/CMakeFiles/CMakeTmp

Run Build Command:"/usr/bin/gmake" "cmTC_e4eb5/fast"
/usr/bin/gmake -f CMakeFiles/cmTC_e4eb5.dir/build.make CMakeFiles/cmTC_e4eb5.dir/build
gmake[1]: Entering directory `/home/njvaughn/openACC-treecode/build/CMakeFiles/CMakeTmp'
Building C object CMakeFiles/cmTC_e4eb5.dir/testCCompiler.c.o
/opt/pgi/linux86-64/17.5/bin/pgcc    -o CMakeFiles/cmTC_e4eb5.dir/testCCompiler.c.o   -c /home/njvaughn/openACC-treecode/build/CMakeFiles/CMakeTmp/testCCompiler.c
Linking C executable cmTC_e4eb5
/opt/cmake/bin/cmake -E cmake_link_script CMakeFiles/cmTC_e4eb5.dir/link.txt --verbose=1
/opt/pgi/linux86-64/17.5/bin/pgcc        CMakeFiles/cmTC_e4eb5.dir/testCCompiler.c.o  -o cmTC_e4eb5 
gmake[1]: Leaving directory `/home/njvaughn/openACC-treecode/build/CMakeFiles/CMakeTmp'


Detecting C compiler ABI info compiled with the following output:
Change Dir: /home/njvaughn/openACC-treecode/build/CMakeFiles/CMakeTmp

Run Build Command:"/usr/bin/gmake" "cmTC_2fc2b/fast"
/usr/bin/gmake -f CMakeFiles/cmTC_2fc2b.dir/build.make CMakeFiles/cmTC_2fc2b.dir/build
gmake[1]: Entering directory `/home/njvaughn/openACC-treecode/build/CMakeFiles/CMakeTmp'
Building C object CMakeFiles/cmTC_2fc2b.dir/CMakeCCompilerABI.c.o
/opt/pgi/linux86-64/17.5/bin/pgcc    -o CMakeFiles/cmTC_2fc2b.dir/CMakeCCompilerABI.c.o   -c /opt/cmake/share/cmake-3.9/Modules/CMakeCCompilerABI.c
Linking C executable cmTC_2fc2b
/opt/cmake/bin/cmake -E cmake_link_script CMakeFiles/cmTC_2fc2b.dir/link.txt --verbose=1
/opt/pgi/linux86-64/17.5/bin/pgcc     -v   CMakeFiles/cmTC_2fc2b.dir/CMakeCCompilerABI.c.o  -o cmTC_2fc2b 
Export PGI=/opt/pgi

/opt/gnu/bin/ld /usr/lib64/crt1.o /usr/lib64/crti.o /opt/pgi/linux86-64/17.5/lib/trace_init.o /usr/lib/gcc/x86_64-redhat-linux/4.4.7/crtbegin.o /opt/pgi/linux86-64/17.5/lib/initmp.o --eh-frame-hdr -m elf_x86_64 -dynamic-linker /lib64/ld-linux-x86-64.so.2 /opt/pgi/linux86-64/17.5/lib/pgi.ld -L/opt/pgi/linux86-64/17.5/lib -L/usr/lib64 -L/usr/lib/gcc/x86_64-redhat-linux/4.4.7 CMakeFiles/cmTC_2fc2b.dir/CMakeCCompilerABI.c.o -rpath /opt/pgi/linux86-64/17.5/lib -rpath /usr/lib/gcc/x86_64-redhat-linux/4.4.7/../../../../lib64 -o cmTC_2fc2b -L/usr/lib/gcc/x86_64-redhat-linux/4.4.7/../../../../lib64 -lpgmp -lnuma -lpthread -lnspgc -lpgc -lm -lgcc -lc -lgcc -lgcc_s /usr/lib/gcc/x86_64-redhat-linux/4.4.7/crtend.o /usr/lib64/crtn.o
gmake[1]: Leaving directory `/home/njvaughn/openACC-treecode/build/CMakeFiles/CMakeTmp'


Parsed C implicit link information from above output:
  link line regex: [^( *|.*[/\])(ld|CMAKE_LINK_STARTFILE-NOTFOUND|([^/\]+-)?ld|collect2)[^/\]*( |$)]
  ignore line: [Change Dir: /home/njvaughn/openACC-treecode/build/CMakeFiles/CMakeTmp]
  ignore line: []
  ignore line: [Run Build Command:"/usr/bin/gmake" "cmTC_2fc2b/fast"]
  ignore line: [/usr/bin/gmake -f CMakeFiles/cmTC_2fc2b.dir/build.make CMakeFiles/cmTC_2fc2b.dir/build]
  ignore line: [gmake[1]: Entering directory `/home/njvaughn/openACC-treecode/build/CMakeFiles/CMakeTmp']
  ignore line: [Building C object CMakeFiles/cmTC_2fc2b.dir/CMakeCCompilerABI.c.o]
  ignore line: [/opt/pgi/linux86-64/17.5/bin/pgcc    -o CMakeFiles/cmTC_2fc2b.dir/CMakeCCompilerABI.c.o   -c /opt/cmake/share/cmake-3.9/Modules/CMakeCCompilerABI.c]
  ignore line: [Linking C executable cmTC_2fc2b]
  ignore line: [/opt/cmake/bin/cmake -E cmake_link_script CMakeFiles/cmTC_2fc2b.dir/link.txt --verbose=1]
  ignore line: [/opt/pgi/linux86-64/17.5/bin/pgcc     -v   CMakeFiles/cmTC_2fc2b.dir/CMakeCCompilerABI.c.o  -o cmTC_2fc2b ]
  ignore line: [Export PGI=/opt/pgi]
  ignore line: []
  link line: [/opt/gnu/bin/ld /usr/lib64/crt1.o /usr/lib64/crti.o /opt/pgi/linux86-64/17.5/lib/trace_init.o /usr/lib/gcc/x86_64-redhat-linux/4.4.7/crtbegin.o /opt/pgi/linux86-64/17.5/lib/initmp.o --eh-frame-hdr -m elf_x86_64 -dynamic-linker /lib64/ld-linux-x86-64.so.2 /opt/pgi/linux86-64/17.5/lib/pgi.ld -L/opt/pgi/linux86-64/17.5/lib -L/usr/lib64 -L/usr/lib/gcc/x86_64-redhat-linux/4.4.7 CMakeFiles/cmTC_2fc2b.dir/CMakeCCompilerABI.c.o -rpath /opt/pgi/linux86-64/17.5/lib -rpath /usr/lib/gcc/x86_64-redhat-linux/4.4.7/../../../../lib64 -o cmTC_2fc2b -L/usr/lib/gcc/x86_64-redhat-linux/4.4.7/../../../../lib64 -lpgmp -lnuma -lpthread -lnspgc -lpgc -lm -lgcc -lc -lgcc -lgcc_s /usr/lib/gcc/x86_64-redhat-linux/4.4.7/crtend.o /usr/lib64/crtn.o]
    arg [/opt/gnu/bin/ld] ==> ignore
    arg [/usr/lib64/crt1.o] ==> ignore
    arg [/usr/lib64/crti.o] ==> ignore
    arg [/opt/pgi/linux86-64/17.5/lib/trace_init.o] ==> ignore
    arg [/usr/lib/gcc/x86_64-redhat-linux/4.4.7/crtbegin.o] ==> ignore
    arg [/opt/pgi/linux86-64/17.5/lib/initmp.o] ==> ignore
    arg [--eh-frame-hdr] ==> ignore
    arg [-m] ==> ignore
    arg [elf_x86_64] ==> ignore
    arg [-dynamic-linker] ==> ignore
    arg [/lib64/ld-linux-x86-64.so.2] ==> ignore
    arg [/opt/pgi/linux86-64/17.5/lib/pgi.ld] ==> ignore
    arg [-L/opt/pgi/linux86-64/17.5/lib] ==> dir [/opt/pgi/linux86-64/17.5/lib]
    arg [-L/usr/lib64] ==> dir [/usr/lib64]
    arg [-L/usr/lib/gcc/x86_64-redhat-linux/4.4.7] ==> dir [/usr/lib/gcc/x86_64-redhat-linux/4.4.7]
    arg [CMakeFiles/cmTC_2fc2b.dir/CMakeCCompilerABI.c.o] ==> ignore
    arg [-rpath] ==> ignore
    arg [/opt/pgi/linux86-64/17.5/lib] ==> ignore
    arg [-rpath] ==> ignore
    arg [/usr/lib/gcc/x86_64-redhat-linux/4.4.7/../../../../lib64] ==> ignore
    arg [-o] ==> ignore
    arg [cmTC_2fc2b] ==> ignore
    arg [-L/usr/lib/gcc/x86_64-redhat-linux/4.4.7/../../../../lib64] ==> dir [/usr/lib/gcc/x86_64-redhat-linux/4.4.7/../../../../lib64]
    arg [-lpgmp] ==> lib [pgmp]
    arg [-lnuma] ==> lib [numa]
    arg [-lpthread] ==> lib [pthread]
    arg [-lnspgc] ==> lib [nspgc]
    arg [-lpgc] ==> lib [pgc]
    arg [-lm] ==> lib [m]
    arg [-lgcc] ==> lib [gcc]
    arg [-lc] ==> lib [c]
    arg [-lgcc] ==> lib [gcc]
    arg [-lgcc_s] ==> lib [gcc_s]
    arg [/usr/lib/gcc/x86_64-redhat-linux/4.4.7/crtend.o] ==> ignore
    arg [/usr/lib64/crtn.o] ==> ignore
  collapse library dir [/opt/pgi/linux86-64/17.5/lib] ==> [/opt/pgi/linux86-64/17.5/lib]
  collapse library dir [/usr/lib64] ==> [/usr/lib64]
  collapse library dir [/usr/lib/gcc/x86_64-redhat-linux/4.4.7] ==> [/usr/lib/gcc/x86_64-redhat-linux/4.4.7]
  collapse library dir [/usr/lib/gcc/x86_64-redhat-linux/4.4.7/../../../../lib64] ==> [/usr/lib64]
  implicit libs: [pgmp;numa;pthread;nspgc;pgc;m;gcc;c;gcc;gcc_s]
  implicit dirs: [/opt/pgi/linux86-64/17.5/lib;/usr/lib64;/usr/lib/gcc/x86_64-redhat-linux/4.4.7]
  implicit fwks: []




Detecting C [-c11] compiler features compiled with the following output:
Change Dir: /home/njvaughn/openACC-treecode/build/CMakeFiles/CMakeTmp

Run Build Command:"/usr/bin/gmake" "cmTC_f7786/fast"
/usr/bin/gmake -f CMakeFiles/cmTC_f7786.dir/build.make CMakeFiles/cmTC_f7786.dir/build
gmake[1]: Entering directory `/home/njvaughn/openACC-treecode/build/CMakeFiles/CMakeTmp'
Building C object CMakeFiles/cmTC_f7786.dir/feature_tests.c.o
/opt/pgi/linux86-64/17.5/bin/pgcc   -c11 -o CMakeFiles/cmTC_f7786.dir/feature_tests.c.o   -c /home/njvaughn/openACC-treecode/build/CMakeFiles/feature_tests.c
Linking C executable cmTC_f7786
/opt/cmake/bin/cmake -E cmake_link_script CMakeFiles/cmTC_f7786.dir/link.txt --verbose=1
/opt/pgi/linux86-64/17.5/bin/pgcc        CMakeFiles/cmTC_f7786.dir/feature_tests.c.o  -o cmTC_f7786 
gmake[1]: Leaving directory `/home/njvaughn/openACC-treecode/build/CMakeFiles/CMakeTmp'




Detecting C [-c99] compiler features compiled with the following output:
Change Dir: /home/njvaughn/openACC-treecode/build/CMakeFiles/CMakeTmp

Run Build Command:"/usr/bin/gmake" "cmTC_00330/fast"
/usr/bin/gmake -f CMakeFiles/cmTC_00330.dir/build.make CMakeFiles/cmTC_00330.dir/build
gmake[1]: Entering directory `/home/njvaughn/openACC-treecode/build/CMakeFiles/CMakeTmp'
Building C object CMakeFiles/cmTC_00330.dir/feature_tests.c.o
/opt/pgi/linux86-64/17.5/bin/pgcc   -c99 -o CMakeFiles/cmTC_00330.dir/feature_tests.c.o   -c /home/njvaughn/openACC-treecode/build/CMakeFiles/feature_tests.c
Linking C executable cmTC_00330
/opt/cmake/bin/cmake -E cmake_link_script CMakeFiles/cmTC_00330.dir/link.txt --verbose=1
/opt/pgi/linux86-64/17.5/bin/pgcc        CMakeFiles/cmTC_00330.dir/feature_tests.c.o  -o cmTC_00330 
gmake[1]: Leaving directory `/home/njvaughn/openACC-treecode/build/CMakeFiles/CMakeTmp'




Detecting C [-c89] compiler features compiled with the following output:
Change Dir: /home/njvaughn/openACC-treecode/build/CMakeFiles/CMakeTmp

Run Build Command:"/usr/bin/gmake" "cmTC_9935d/fast"
/usr/bin/gmake -f CMakeFiles/cmTC_9935d.dir/build.make CMakeFiles/cmTC_9935d.dir/build
gmake[1]: Entering directory `/home/njvaughn/openACC-treecode/build/CMakeFiles/CMakeTmp'
Building C object CMakeFiles/cmTC_9935d.dir/feature_tests.c.o
/opt/pgi/linux86-64/17.5/bin/pgcc   -c89 -o CMakeFiles/cmTC_9935d.dir/feature_tests.c.o   -c /home/njvaughn/openACC-treecode/build/CMakeFiles/feature_tests.c
Linking C executable cmTC_9935d
/opt/cmake/bin/cmake -E cmake_link_script CMakeFiles/cmTC_9935d.dir/link.txt --verbose=1
/opt/pgi/linux86-64/17.5/bin/pgcc        CMakeFiles/cmTC_9935d.dir/feature_tests.c.o  -o cmTC_9935d 
gmake[1]: Leaving directory `/home/njvaughn/openACC-treecode/build/CMakeFiles/CMakeTmp'


Detecting C OpenMP compiler ABI info compiled with the following output:
Change Dir: /home/njvaughn/openACC-treecode/build/CMakeFiles/CMakeTmp

Run Build Command:"/usr/bin/gmake" "cmTC_f6dc0/fast"
/usr/bin/gmake -f CMakeFiles/cmTC_f6dc0.dir/build.make CMakeFiles/cmTC_f6dc0.dir/build
gmake[1]: Entering directory `/home/njvaughn/openACC-treecode/build/CMakeFiles/CMakeTmp'
Building C object CMakeFiles/cmTC_f6dc0.dir/OpenMPTryFlag.c.o
/opt/pgi/linux86-64/17.5/bin/pgcc   -mp -v   -o CMakeFiles/cmTC_f6dc0.dir/OpenMPTryFlag.c.o   -c /home/njvaughn/openACC-treecode/build/CMakeFiles/FindOpenMP/OpenMPTryFlag.c
Export PGI=/opt/pgi

/opt/pgi/linux86-64/17.5/bin/pgc /home/njvaughn/openACC-treecode/build/CMakeFiles/FindOpenMP/OpenMPTryFlag.c -opt 1 -x 119 0xa10000 -x 122 0x40 -x 123 0x1000 -x 127 4 -x 127 17 -x 19 0x400000 -x 28 0x40000 -x 120 0x10000000 -x 70 0x8000 -x 122 1 -x 125 0x20000 -quad -x 59 4 -tp haswell -x 120 0x1000 -astype 0 -stdinc /opt/pgi/linux86-64/17.5/include-gcc44:/opt/pgi/linux86-64/17.5/include:/opt/intel/composer_xe_2013_sp1.2.144/ipp/include:/opt/intel/composer_xe_2013_sp1.2.144/mkl/include:/opt/intel/composer_xe_2013_sp1.2.144/tbb/include:/usr/local/include:/usr/lib/gcc/x86_64-redhat-linux/4.4.7/include:/usr/include -def unix -def __unix -def __unix__ -def linux -def __linux -def __linux__ -def __NO_MATH_INLINES -def __LP64__ -def __x86_64 -def __x86_64__ -def __LONG_MAX__=9223372036854775807L -def '__SIZE_TYPE__=unsigned long int' -def '__PTRDIFF_TYPE__=long int' -def __THROW= -def __extension__= -def __amd_64__amd64__ -def __k8 -def __k8__ -def __SSE__ -def __MMX__ -def __SSE2__ -def __SSE3__ -def __SSSE3__ -predicate '#machine(x86_64) #lint(off) #system(posix) #cpu(x86_64)' -cmdline '+pgcc /home/njvaughn/openACC-treecode/build/CMakeFiles/FindOpenMP/OpenMPTryFlag.c -mp -v -o CMakeFiles/cmTC_f6dc0.dir/OpenMPTryFlag.c.o -c' -outfile CMakeFiles/cmTC_f6dc0.dir/OpenMPTryFlag.c.o -x 123 0x80000000 -x 123 4 -x 2 0x400 -x 119 0x20 -def __pgnu_vsn=40407 -x 120 0x200000 -x 70 0x40000000 -y 163 0xc0000000 -x 189 0x10 -y 189 0x4000000 -mp -x 69 0x200 -x 69 0x400 -asm /tmp/pgcc3NmgLKCjrjGK.s
PGC/x86-64 Linux 17.5-0: compilation successful

/opt/gnu/bin/as /tmp/pgcc3NmgLKCjrjGK.s -o CMakeFiles/cmTC_f6dc0.dir/OpenMPTryFlag.c.o
Unlinking /tmp/pgcc3NmgLKCjrjGK.s
Unlinking /tmp/pgccVNmgnjHmq-25.ll
Linking C executable cmTC_f6dc0
/opt/cmake/bin/cmake -E cmake_link_script CMakeFiles/cmTC_f6dc0.dir/link.txt --verbose=1
/opt/pgi/linux86-64/17.5/bin/pgcc  -mp -v      CMakeFiles/cmTC_f6dc0.dir/OpenMPTryFlag.c.o  -o cmTC_f6dc0 
Export PGI=/opt/pgi

/opt/gnu/bin/ld /usr/lib64/crt1.o /usr/lib64/crti.o /opt/pgi/linux86-64/17.5/lib/trace_init.o /usr/lib/gcc/x86_64-redhat-linux/4.4.7/crtbegin.o /opt/pgi/linux86-64/17.5/lib/initmp.o --eh-frame-hdr -m elf_x86_64 -dynamic-linker /lib64/ld-linux-x86-64.so.2 /opt/pgi/linux86-64/17.5/lib/pgi.ld -L/opt/pgi/linux86-64/17.5/lib -L/usr/lib64 -L/usr/lib/gcc/x86_64-redhat-linux/4.4.7 CMakeFiles/cmTC_f6dc0.dir/OpenMPTryFlag.c.o -rpath /opt/pgi/linux86-64/17.5/lib -rpath /usr/lib/gcc/x86_64-redhat-linux/4.4.7/../../../../lib64 -o cmTC_f6dc0 -L/usr/lib/gcc/x86_64-redhat-linux/4.4.7/../../../../lib64 -lpgmp -lnuma -lpthread -lnspgc -lpgc -lm -lgcc -lc -lgcc -lgcc_s /usr/lib/gcc/x86_64-redhat-linux/4.4.7/crtend.o /usr/lib64/crtn.o
gmake[1]: Leaving directory `/home/njvaughn/openACC-treecode/build/CMakeFiles/CMakeTmp'


Parsed C OpenMP implicit link information from above output:
  link line regex: [^( *|.*[/\])(ld|CMAKE_LINK_STARTFILE-NOTFOUND|([^/\]+-)?ld|collect2)[^/\]*( |$)]
  ignore line: [Change Dir: /home/njvaughn/openACC-treecode/build/CMakeFiles/CMakeTmp]
  ignore line: []
  ignore line: [Run Build Command:"/usr/bin/gmake" "cmTC_f6dc0/fast"]
  ignore line: [/usr/bin/gmake -f CMakeFiles/cmTC_f6dc0.dir/build.make CMakeFiles/cmTC_f6dc0.dir/build]
  ignore line: [gmake[1]: Entering directory `/home/njvaughn/openACC-treecode/build/CMakeFiles/CMakeTmp']
  ignore line: [Building C object CMakeFiles/cmTC_f6dc0.dir/OpenMPTryFlag.c.o]
  ignore line: [/opt/pgi/linux86-64/17.5/bin/pgcc   -mp -v   -o CMakeFiles/cmTC_f6dc0.dir/OpenMPTryFlag.c.o   -c /home/njvaughn/openACC-treecode/build/CMakeFiles/FindOpenMP/OpenMPTryFlag.c]
  ignore line: [Export PGI=/opt/pgi]
  ignore line: []
  ignore line: [/opt/pgi/linux86-64/17.5/bin/pgc /home/njvaughn/openACC-treecode/build/CMakeFiles/FindOpenMP/OpenMPTryFlag.c -opt 1 -x 119 0xa10000 -x 122 0x40 -x 123 0x1000 -x 127 4 -x 127 17 -x 19 0x400000 -x 28 0x40000 -x 120 0x10000000 -x 70 0x8000 -x 122 1 -x 125 0x20000 -quad -x 59 4 -tp haswell -x 120 0x1000 -astype 0 -stdinc /opt/pgi/linux86-64/17.5/include-gcc44:/opt/pgi/linux86-64/17.5/include:/opt/intel/composer_xe_2013_sp1.2.144/ipp/include:/opt/intel/composer_xe_2013_sp1.2.144/mkl/include:/opt/intel/composer_xe_2013_sp1.2.144/tbb/include:/usr/local/include:/usr/lib/gcc/x86_64-redhat-linux/4.4.7/include:/usr/include -def unix -def __unix -def __unix__ -def linux -def __linux -def __linux__ -def __NO_MATH_INLINES -def __LP64__ -def __x86_64 -def __x86_64__ -def __LONG_MAX__=9223372036854775807L -def '__SIZE_TYPE__=unsigned long int' -def '__PTRDIFF_TYPE__=long int' -def __THROW= -def __extension__= -def __amd_64__amd64__ -def __k8 -def __k8__ -def __SSE__ -def __MMX__ -def __SSE2__ -def __SSE3__ -def __SSSE3__ -predicate '#machine(x86_64) #lint(off) #system(posix) #cpu(x86_64)' -cmdline '+pgcc /home/njvaughn/openACC-treecode/build/CMakeFiles/FindOpenMP/OpenMPTryFlag.c -mp -v -o CMakeFiles/cmTC_f6dc0.dir/OpenMPTryFlag.c.o -c' -outfile CMakeFiles/cmTC_f6dc0.dir/OpenMPTryFlag.c.o -x 123 0x80000000 -x 123 4 -x 2 0x400 -x 119 0x20 -def __pgnu_vsn=40407 -x 120 0x200000 -x 70 0x40000000 -y 163 0xc0000000 -x 189 0x10 -y 189 0x4000000 -mp -x 69 0x200 -x 69 0x400 -asm /tmp/pgcc3NmgLKCjrjGK.s]
  ignore line: [PGC/x86-64 Linux 17.5-0: compilation successful]
  ignore line: []
  ignore line: [/opt/gnu/bin/as /tmp/pgcc3NmgLKCjrjGK.s -o CMakeFiles/cmTC_f6dc0.dir/OpenMPTryFlag.c.o]
  ignore line: [Unlinking /tmp/pgcc3NmgLKCjrjGK.s]
  ignore line: [Unlinking /tmp/pgccVNmgnjHmq-25.ll]
  ignore line: [Linking C executable cmTC_f6dc0]
  ignore line: [/opt/cmake/bin/cmake -E cmake_link_script CMakeFiles/cmTC_f6dc0.dir/link.txt --verbose=1]
  ignore line: [/opt/pgi/linux86-64/17.5/bin/pgcc  -mp -v      CMakeFiles/cmTC_f6dc0.dir/OpenMPTryFlag.c.o  -o cmTC_f6dc0 ]
  ignore line: [Export PGI=/opt/pgi]
  ignore line: []
  link line: [/opt/gnu/bin/ld /usr/lib64/crt1.o /usr/lib64/crti.o /opt/pgi/linux86-64/17.5/lib/trace_init.o /usr/lib/gcc/x86_64-redhat-linux/4.4.7/crtbegin.o /opt/pgi/linux86-64/17.5/lib/initmp.o --eh-frame-hdr -m elf_x86_64 -dynamic-linker /lib64/ld-linux-x86-64.so.2 /opt/pgi/linux86-64/17.5/lib/pgi.ld -L/opt/pgi/linux86-64/17.5/lib -L/usr/lib64 -L/usr/lib/gcc/x86_64-redhat-linux/4.4.7 CMakeFiles/cmTC_f6dc0.dir/OpenMPTryFlag.c.o -rpath /opt/pgi/linux86-64/17.5/lib -rpath /usr/lib/gcc/x86_64-redhat-linux/4.4.7/../../../../lib64 -o cmTC_f6dc0 -L/usr/lib/gcc/x86_64-redhat-linux/4.4.7/../../../../lib64 -lpgmp -lnuma -lpthread -lnspgc -lpgc -lm -lgcc -lc -lgcc -lgcc_s /usr/lib/gcc/x86_64-redhat-linux/4.4.7/crtend.o /usr/lib64/crtn.o]
    arg [/opt/gnu/bin/ld] ==> ignore
    arg [/usr/lib64/crt1.o] ==> ignore
    arg [/usr/lib64/crti.o] ==> ignore
    arg [/opt/pgi/linux86-64/17.5/lib/trace_init.o] ==> ignore
    arg [/usr/lib/gcc/x86_64-redhat-linux/4.4.7/crtbegin.o] ==> ignore
    arg [/opt/pgi/linux86-64/17.5/lib/initmp.o] ==> ignore
    arg [--eh-frame-hdr] ==> ignore
    arg [-m] ==> ignore
    arg [elf_x86_64] ==> ignore
    arg [-dynamic-linker] ==> ignore
    arg [/lib64/ld-linux-x86-64.so.2] ==> ignore
    arg [/opt/pgi/linux86-64/17.5/lib/pgi.ld] ==> ignore
    arg [-L/opt/pgi/linux86-64/17.5/lib] ==> dir [/opt/pgi/linux86-64/17.5/lib]
    arg [-L/usr/lib64] ==> dir [/usr/lib64]
    arg [-L/usr/lib/gcc/x86_64-redhat-linux/4.4.7] ==> dir [/usr/lib/gcc/x86_64-redhat-linux/4.4.7]
    arg [CMakeFiles/cmTC_f6dc0.dir/OpenMPTryFlag.c.o] ==> ignore
    arg [-rpath] ==> ignore
    arg [/opt/pgi/linux86-64/17.5/lib] ==> ignore
    arg [-rpath] ==> ignore
    arg [/usr/lib/gcc/x86_64-redhat-linux/4.4.7/../../../../lib64] ==> ignore
    arg [-o] ==> ignore
    arg [cmTC_f6dc0] ==> ignore
    arg [-L/usr/lib/gcc/x86_64-redhat-linux/4.4.7/../../../../lib64] ==> dir [/usr/lib/gcc/x86_64-redhat-linux/4.4.7/../../../../lib64]
    arg [-lpgmp] ==> lib [pgmp]
    arg [-lnuma] ==> lib [numa]
    arg [-lpthread] ==> lib [pthread]
    arg [-lnspgc] ==> lib [nspgc]
    arg [-lpgc] ==> lib [pgc]
    arg [-lm] ==> lib [m]
    arg [-lgcc] ==> lib [gcc]
    arg [-lc] ==> lib [c]
    arg [-lgcc] ==> lib [gcc]
    arg [-lgcc_s] ==> lib [gcc_s]
    arg [/usr/lib/gcc/x86_64-redhat-linux/4.4.7/crtend.o] ==> ignore
    arg [/usr/lib64/crtn.o] ==> ignore
  collapse library dir [/opt/pgi/linux86-64/17.5/lib] ==> [/opt/pgi/linux86-64/17.5/lib]
  collapse library dir [/usr/lib64] ==> [/usr/lib64]
  collapse library dir [/usr/lib/gcc/x86_64-redhat-linux/4.4.7] ==> [/usr/lib/gcc/x86_64-redhat-linux/4.4.7]
  collapse library dir [/usr/lib/gcc/x86_64-redhat-linux/4.4.7/../../../../lib64] ==> [/usr/lib64]
  implicit libs: [pgmp;numa;pthread;nspgc;pgc;m;gcc;c;gcc;gcc_s]
  implicit dirs: [/opt/pgi/linux86-64/17.5/lib;/usr/lib64;/usr/lib/gcc/x86_64-redhat-linux/4.4.7]
  implicit fwks: []


