--------------------------------------------------------------------------
PMI2 initialized but returned bad values for size and rank.
This is symptomatic of either a failure to use the
"--mpi=pmi2" flag in SLURM, or a borked PMI2 installation.
If running under SLURM, try adding "-mpi=pmi2" to your
srun command line. If that doesn't work, or if you are
not running under SLURM, try removing or renaming the
pmi2.h header file so PMI2 support will not automatically
be built, reconfigure and build OMPI, and then try again
with only PMI1 support enabled.
--------------------------------------------------------------------------
Entering main.c
Reading in arguments.c
Read in arguments.c
Allocated sources and targets particles.
PFLAG = 0
PFLAG = 0
Made target vectors.c
Filling originalWeights.
originalWeights filled.  Starting timer.
Setup complete, calling treedriver...
numThreads: 4
[comet-33-12:13421] *** Process received signal ***
[comet-33-12:13421] Signal: Segmentation fault (11)
[comet-33-12:13421] Signal code: Address not mapped (1)
[comet-33-12:13421] Failing at address: 0xc0
[comet-33-12:13421] [ 0] /lib64/libpthread.so.0[0x3971a0f7e0]
[comet-33-12:13421] [ 1] /lib64/libc.so.6(_IO_vfprintf+0x39)[0x3970e43ee9]
[comet-33-12:13421] [ 2] /lib64/libc.so.6(_IO_fprintf+0x88)[0x3970e4efc8]
[comet-33-12:13421] [ 3] ../bin/tree.exe[0x40319f]
[comet-33-12:13421] [ 4] /lib64/libc.so.6(__libc_start_main+0x100)[0x3970e1ed20]
[comet-33-12:13421] [ 5] ../bin/tree.exe[0x402029]
[comet-33-12:13421] *** End of error message ***
/var/spool/slurmd/job24904580/slurm_script: line 54: 13421 Segmentation fault      ../bin/tree.exe $SOURCES $TARGETS $DIRECTSUM $OUTFILE $NUMSOURCES $NUMTARGETS $THETA $ORDER $TREETYPE $MAXPARNODE $KAPPA $POTENTIALTYPE $PFLAG $SFLAG $DFLAG $BATCHSIZE $NUMDEVICES $NUMTHREADS
--------------------------------------------------------------------------
PMI2 initialized but returned bad values for size and rank.
This is symptomatic of either a failure to use the
"--mpi=pmi2" flag in SLURM, or a borked PMI2 installation.
If running under SLURM, try adding "-mpi=pmi2" to your
srun command line. If that doesn't work, or if you are
not running under SLURM, try removing or renaming the
pmi2.h header file so PMI2 support will not automatically
be built, reconfigure and build OMPI, and then try again
with only PMI1 support enabled.
--------------------------------------------------------------------------
Entering main.c
Reading in arguments.c
Read in arguments.c
Allocated sources and targets particles.
PFLAG = 0
PFLAG = 0
Made target vectors.c
Filling originalWeights.
originalWeights filled.  Starting timer.
Setup complete, calling treedriver...
numThreads: 3
[comet-33-12:13444] *** Process received signal ***
[comet-33-12:13444] Signal: Segmentation fault (11)
[comet-33-12:13444] Signal code: Address not mapped (1)
[comet-33-12:13444] Failing at address: 0xc0
[comet-33-12:13444] [ 0] /lib64/libpthread.so.0[0x3971a0f7e0]
[comet-33-12:13444] [ 1] /lib64/libc.so.6(_IO_vfprintf+0x39)[0x3970e43ee9]
[comet-33-12:13444] [ 2] /lib64/libc.so.6(_IO_fprintf+0x88)[0x3970e4efc8]
[comet-33-12:13444] [ 3] ../bin/tree.exe[0x40319f]
[comet-33-12:13444] [ 4] /lib64/libc.so.6(__libc_start_main+0x100)[0x3970e1ed20]
[comet-33-12:13444] [ 5] ../bin/tree.exe[0x402029]
[comet-33-12:13444] *** End of error message ***
/var/spool/slurmd/job24904580/slurm_script: line 54: 13444 Segmentation fault      ../bin/tree.exe $SOURCES $TARGETS $DIRECTSUM $OUTFILE $NUMSOURCES $NUMTARGETS $THETA $ORDER $TREETYPE $MAXPARNODE $KAPPA $POTENTIALTYPE $PFLAG $SFLAG $DFLAG $BATCHSIZE $NUMDEVICES $NUMTHREADS
--------------------------------------------------------------------------
PMI2 initialized but returned bad values for size and rank.
This is symptomatic of either a failure to use the
"--mpi=pmi2" flag in SLURM, or a borked PMI2 installation.
If running under SLURM, try adding "-mpi=pmi2" to your
srun command line. If that doesn't work, or if you are
not running under SLURM, try removing or renaming the
pmi2.h header file so PMI2 support will not automatically
be built, reconfigure and build OMPI, and then try again
with only PMI1 support enabled.
--------------------------------------------------------------------------
Entering main.c
Reading in arguments.c
Read in arguments.c
Allocated sources and targets particles.
PFLAG = 0
PFLAG = 0
Made target vectors.c
Filling originalWeights.
originalWeights filled.  Starting timer.
Setup complete, calling treedriver...
numThreads: 2
[comet-33-12:13464] *** Process received signal ***
[comet-33-12:13464] Signal: Segmentation fault (11)
[comet-33-12:13464] Signal code: Address not mapped (1)
[comet-33-12:13464] Failing at address: 0xc0
[comet-33-12:13464] [ 0] /lib64/libpthread.so.0[0x3971a0f7e0]
[comet-33-12:13464] [ 1] /lib64/libc.so.6(_IO_vfprintf+0x39)[0x3970e43ee9]
[comet-33-12:13464] [ 2] /lib64/libc.so.6(_IO_fprintf+0x88)[0x3970e4efc8]
[comet-33-12:13464] [ 3] ../bin/tree.exe[0x40319f]
[comet-33-12:13464] [ 4] /lib64/libc.so.6(__libc_start_main+0x100)[0x3970e1ed20]
[comet-33-12:13464] [ 5] ../bin/tree.exe[0x402029]
[comet-33-12:13464] *** End of error message ***
/var/spool/slurmd/job24904580/slurm_script: line 54: 13464 Segmentation fault      ../bin/tree.exe $SOURCES $TARGETS $DIRECTSUM $OUTFILE $NUMSOURCES $NUMTARGETS $THETA $ORDER $TREETYPE $MAXPARNODE $KAPPA $POTENTIALTYPE $PFLAG $SFLAG $DFLAG $BATCHSIZE $NUMDEVICES $NUMTHREADS
--------------------------------------------------------------------------
PMI2 initialized but returned bad values for size and rank.
This is symptomatic of either a failure to use the
"--mpi=pmi2" flag in SLURM, or a borked PMI2 installation.
If running under SLURM, try adding "-mpi=pmi2" to your
srun command line. If that doesn't work, or if you are
not running under SLURM, try removing or renaming the
pmi2.h header file so PMI2 support will not automatically
be built, reconfigure and build OMPI, and then try again
with only PMI1 support enabled.
--------------------------------------------------------------------------
Entering main.c
Reading in arguments.c
Read in arguments.c
Allocated sources and targets particles.
PFLAG = 0
PFLAG = 0
Made target vectors.c
Filling originalWeights.
originalWeights filled.  Starting timer.
Setup complete, calling treedriver...
numThreads: 1
[comet-33-12:13482] *** Process received signal ***
[comet-33-12:13482] Signal: Segmentation fault (11)
[comet-33-12:13482] Signal code: Address not mapped (1)
[comet-33-12:13482] Failing at address: 0xc0
[comet-33-12:13482] [ 0] /lib64/libpthread.so.0[0x3971a0f7e0]
[comet-33-12:13482] [ 1] /lib64/libc.so.6(_IO_vfprintf+0x39)[0x3970e43ee9]
[comet-33-12:13482] [ 2] /lib64/libc.so.6(_IO_fprintf+0x88)[0x3970e4efc8]
[comet-33-12:13482] [ 3] ../bin/tree.exe[0x40319f]
[comet-33-12:13482] [ 4] /lib64/libc.so.6(__libc_start_main+0x100)[0x3970e1ed20]
[comet-33-12:13482] [ 5] ../bin/tree.exe[0x402029]
[comet-33-12:13482] *** End of error message ***
/var/spool/slurmd/job24904580/slurm_script: line 54: 13482 Segmentation fault      ../bin/tree.exe $SOURCES $TARGETS $DIRECTSUM $OUTFILE $NUMSOURCES $NUMTARGETS $THETA $ORDER $TREETYPE $MAXPARNODE $KAPPA $POTENTIALTYPE $PFLAG $SFLAG $DFLAG $BATCHSIZE $NUMDEVICES $NUMTHREADS
